<?xml version="1.0" encoding="UTF-8"?>
<!-- Generated by org.testng.reporters.JUnitReportReporter -->
<testsuite hostname="CT00754" failures="0" tests="1" name="tests.SearchandOrder" time="15.624" errors="0" timestamp="2023-08-04T14:39:14 IST" skipped="0">
  <testcase classname="tests.SearchandOrder" name="searchproduct" time="15.624"/>
</testsuite> <!-- tests.SearchandOrder -->
