<?xml version="1.0" encoding="UTF-8"?>
<!-- Generated by org.testng.reporters.JUnitReportReporter -->
<testsuite hostname="CT00754" failures="0" tests="1" name="tests.Test1" time="10.585" errors="0" timestamp="2023-07-24T19:05:40 IST" skipped="0">
  <testcase classname="tests.Test1" name="searchproduct" time="10.585"/>
</testsuite> <!-- tests.Test1 -->
