<?xml version="1.0" encoding="UTF-8"?>
<!-- Generated by org.testng.reporters.JUnitReportReporter -->
<testsuite hostname="CT00754" failures="0" tests="2" name="tests.Login" time="43.764" errors="0" timestamp="2023-08-04T14:39:14 IST" skipped="0">
  <testcase classname="tests.Login" name="UserLogin" time="20.105"/>
  <testcase classname="tests.Login" name="UserLogin" time="23.659"/>
</testsuite> <!-- tests.Login -->
